#
# There is insufficient memory for the Java Runtime Environment to continue.
# Native memory allocation (mmap) failed to map 134217728 bytes for Failed to commit area from 0x0000000081c00000 to 0x0000000089c00000 of length 134217728.
# Possible reasons:
#   The system is out of physical RAM or swap space
#   The process is running with CompressedOops enabled, and the Java Heap may be blocking the growth of the native heap
# Possible solutions:
#   Reduce memory load on the system
#   Increase physical memory or swap space
#   Check if swap backing store is full
#   Decrease Java heap size (-Xmx/-Xms)
#   Decrease number of Java threads
#   Decrease Java thread stack sizes (-Xss)
#   Set larger code cache with -XX:ReservedCodeCacheSize=
# This output file may be truncated or incomplete.
#
#  Out of Memory Error (t:/workspace/open/src/hotspot/os/windows/os_windows.cpp:3221), pid=12684, tid=10844
#
# JRE version:  (10.0.2+13) (build )
# Java VM: Java HotSpot(TM) 64-Bit Server VM (10.0.2+13, mixed mode, aot, tiered, compressed oops, g1 gc, windows-amd64)
# No core dump will be written. Minidumps are not enabled by default on client versions of Windows
#

---------------  S U M M A R Y ------------

Command Line: Library

Host: Intel(R) Core(TM) i7-5600U CPU @ 2.60GHz, 4 cores, 7G,  Windows 10 , 64 bit Build 17134 (10.0.17134.1)
Time: Mon Oct 01 08:58:16 2018 Eastern Daylight Time elapsed time: 0 seconds (0d 0h 0m 0s)

---------------  T H R E A D  ---------------

Current thread (0x000002c2990ce800):  JavaThread "Unknown thread" [_thread_in_vm, id=10844, stack(0x000000e08d500000,0x000000e08d600000)]

Stack: [0x000000e08d500000,0x000000e08d600000]
Native frames: (J=compiled Java code, j=interpreted, Vv=VM code, C=native code)
V  [jvm.dll+0x5a01a9]
V  [jvm.dll+0x6bcf31]
V  [jvm.dll+0x6be126]
V  [jvm.dll+0x6be7b3]
V  [jvm.dll+0x234978]
V  [jvm.dll+0x59dac4]
V  [jvm.dll+0x592825]
V  [jvm.dll+0x2f632b]
V  [jvm.dll+0x2f6295]
V  [jvm.dll+0x2f6172]
V  [jvm.dll+0x2f8366]
V  [jvm.dll+0x344293]
V  [jvm.dll+0x3449a6]
V  [jvm.dll+0x344393]
V  [jvm.dll+0x2c4628]
V  [jvm.dll+0x2c5771]
V  [jvm.dll+0x69d1db]
V  [jvm.dll+0x69e9fc]
V  [jvm.dll+0x3519e9]
V  [jvm.dll+0x6856a2]
V  [jvm.dll+0x3ba0c3]
V  [jvm.dll+0x3bc261]
C  [java.exe+0x3531]
C  [java.exe+0xe1af]
C  [java.exe+0xe356]
C  [KERNEL32.DLL+0x13034]
C  [ntdll.dll+0x71461]


---------------  P R O C E S S  ---------------

Threads class SMR info:
_java_thread_list=0x000002c296e78aa0, length=0, elements={
}

Java Threads: ( => current thread )

Other Threads:
  0x000002c2990e7800 GCTaskThread "GC Thread#0" [stack: 0x000000e08d600000,0x000000e08d700000] [id=9000]
  0x000002c2990ea000 GCTaskThread "GC Thread#1" [stack: 0x000000e08d700000,0x000000e08d800000] [id=10312]
  0x000002c2990eb800 GCTaskThread "GC Thread#2" [stack: 0x000000e08d800000,0x000000e08d900000] [id=5524]
  0x000002c2990ee000 GCTaskThread "GC Thread#3" [stack: 0x000000e08d900000,0x000000e08da00000] [id=10256]
  0x000002c299159800 ConcurrentGCThread "G1 Main Marker" [stack: 0x000000e08da00000,0x000000e08db00000] [id=1576]
  0x000002c29915f800 ConcurrentGCThread "G1 Conc#0" [stack: 0x000000e08db00000,0x000000e08dc00000] [id=8624]

[error occurred during error reporting (printing all threads), id 0xe0000002]

VM state:not at safepoint (not fully initialized)

VM Mutex/Monitor currently owned by a thread:  ([mutex/lock_event])
[0x000002c2990cdcd0] Heap_lock - owner thread: 0x000002c2990ce800

Heap address: 0x0000000081c00000, size: 2020 MB, Compressed Oops mode: Non-zero based: 0x0000000081c00000
Narrow klass base: 0x0000000000000000, Narrow klass shift: 0

GC Heap History (0 events):
No events

Deoptimization events (0 events):
No events

Classes redefined (0 events):
No events

Internal exceptions (0 events):
No events

Events (0 events):
No events


Dynamic libraries:
0x00007ff6f6880000 - 0x00007ff6f68be000 	C:\Program Files (x86)\Common Files\Oracle\Java\javapath\java.exe
0x00007ffa72b10000 - 0x00007ffa72cf1000 	C:\windows\SYSTEM32\ntdll.dll
0x00007ffa71af0000 - 0x00007ffa71ba2000 	C:\windows\System32\KERNEL32.DLL
0x00007ffa6f400000 - 0x00007ffa6f673000 	C:\windows\System32\KERNELBASE.dll
0x00007ffa713f0000 - 0x00007ffa71491000 	C:\windows\System32\ADVAPI32.dll
0x00007ffa714a0000 - 0x00007ffa7153e000 	C:\windows\System32\msvcrt.dll
0x00007ffa71540000 - 0x00007ffa7159b000 	C:\windows\System32\sechost.dll
0x00007ffa720e0000 - 0x00007ffa72204000 	C:\windows\System32\RPCRT4.dll
0x00007ffa72230000 - 0x00007ffa723c0000 	C:\windows\System32\USER32.dll
0x00007ffa6eee0000 - 0x00007ffa6ef00000 	C:\windows\System32\win32u.dll
0x00007ffa717f0000 - 0x00007ffa71818000 	C:\windows\System32\GDI32.dll
0x00007ffa6f1c0000 - 0x00007ffa6f352000 	C:\windows\System32\gdi32full.dll
0x00007ffa6f360000 - 0x00007ffa6f3ff000 	C:\windows\System32\msvcp_win.dll
0x00007ffa6fdf0000 - 0x00007ffa6feea000 	C:\windows\System32\ucrtbase.dll
0x00007ffa5ef60000 - 0x00007ffa5f1c9000 	C:\windows\WinSxS\amd64_microsoft.windows.common-controls_6595b64144ccf1df_6.0.17134.285_none_fb4297e330656775\COMCTL32.dll
0x00007ffa71db0000 - 0x00007ffa720d3000 	C:\windows\System32\combase.dll
0x00007ffa6f0f0000 - 0x00007ffa6f16a000 	C:\windows\System32\bcryptPrimitives.dll
0x00007ffa62350000 - 0x00007ffa6235a000 	C:\windows\SYSTEM32\VERSION.dll
0x00007ffa71cc0000 - 0x00007ffa71ced000 	C:\windows\System32\IMM32.DLL
0x00007ffa50cc0000 - 0x00007ffa50daf000 	C:\Program Files\Java\jre-10.0.2\bin\msvcr120.dll
0x00007ffa50c10000 - 0x00007ffa50cb6000 	C:\Program Files\Java\jre-10.0.2\bin\msvcp120.dll
0x0000000064790000 - 0x0000000065200000 	C:\Program Files\Java\jre-10.0.2\bin\server\jvm.dll
0x00007ffa713e0000 - 0x00007ffa713e8000 	C:\windows\System32\PSAPI.DLL
0x00007ffa6cc40000 - 0x00007ffa6cc63000 	C:\windows\SYSTEM32\WINMM.dll
0x00007ffa64160000 - 0x00007ffa64169000 	C:\windows\SYSTEM32\WSOCK32.dll
0x00007ffa719a0000 - 0x00007ffa71a0c000 	C:\windows\System32\WS2_32.dll
0x00007ffa6cc10000 - 0x00007ffa6cc3a000 	C:\windows\SYSTEM32\WINMMBASE.dll
0x00007ffa6f170000 - 0x00007ffa6f1b9000 	C:\windows\System32\cfgmgr32.dll
0x00007ffa69080000 - 0x00007ffa6908f000 	C:\Program Files\Java\jre-10.0.2\bin\verify.dll
0x00007ffa6d740000 - 0x00007ffa6d909000 	C:\windows\SYSTEM32\DBGHELP.DLL
0x00007ffa5c240000 - 0x00007ffa5c269000 	C:\windows\SYSTEM32\dbgcore.DLL
0x00007ffa69050000 - 0x00007ffa69077000 	C:\Program Files\Java\jre-10.0.2\bin\java.dll
0x00007ffa582b0000 - 0x00007ffa582c6000 	C:\Program Files\Java\jre-10.0.2\bin\zip.dll
0x00007ffa67fa0000 - 0x00007ffa67faa000 	C:\Program Files\Java\jre-10.0.2\bin\jimage.dll

dbghelp: loaded successfully - version: 4.0.5 - missing functions: none
symbol engine: initialized successfully - sym options: 0x614 - pdb path: .;C:\Program Files (x86)\Common Files\Oracle\Java\javapath;C:\windows\SYSTEM32;C:\windows\WinSxS\amd64_microsoft.windows.common-controls_6595b64144ccf1df_6.0.17134.285_none_fb4297e330656775;C:\Program Files\Java\jre-10.0.2\bin;C:\Program Files\Java\jre-10.0.2\bin\server

VM Arguments:
java_command: Library
java_class_path (initial): .
Launcher Type: SUN_STANDARD

Logging:
Log output configuration:
#0: stdout all=warning uptime,level,tags
#1: stderr all=off uptime,level,tags

Environment Variables:
JAVA_HOME=C:\Program Files\Java\jdk1.8.0_171
PATH=C:\Program Files\Microsoft MPI\Bin\;C:\Program Files (x86)\Python37\Scripts\;C:\Program Files (x86)\Python37\;C:\Program Files (x86)\Common Files\Oracle\Java\javapath;C:\Program Files (x86)\Intel\iCLS Client\;C:\Program Files\Intel\iCLS Client\;C:\windows\system32;C:\windows;C:\windows\System32\Wbem;C:\windows\System32\WindowsPowerShell\v1.0\;C:\Program Files (x86)\Intel\Intel(R) Management Engine Components\DAL;C:\Program Files\Intel\Intel(R) Management Engine Components\DAL;C:\Program Files (x86)\Intel\Intel(R) Management Engine Components\IPT;C:\Program Files\Intel\Intel(R) Management Engine Components\IPT;C:\windows\System32\OpenSSH\;C:\Program Files\nodejs\;C:\Program Files\Git\cmd;C:\Program Files (x86)\Python37;C:\Program Files\dotnet\;C:\Program Files\Microsoft SQL Server\130\Tools\Binn\;C:\Users\itenp\AppData\Local\Programs\Python\Python35\;C:\Users\itenp\AppData\Local\Programs\Python\Python35\Scripts\;C:\Users\itenp\AppData\Local\Microsoft\WindowsApps;C:\Users\itenp\AppData\Local\atom\bin;C:\Users\itenp\AppData\Local\Microsoft\WindowsApps;C:\Users\itenp\AppData\Local\Programs\Microsoft VS Code\bin;C:\Program Files\Java\jdk1.8.0_171\bin;C:\Users\itenp\AppData\Roaming\npm;
USERNAME=itenp
OS=Windows_NT
PROCESSOR_IDENTIFIER=Intel64 Family 6 Model 61 Stepping 4, GenuineIntel



---------------  S Y S T E M  ---------------

OS: Windows 10 , 64 bit Build 17134 (10.0.17134.1)

CPU:total 4 (initial active 4) (2 cores per cpu, 2 threads per core) family 6 model 61 stepping 4, cmov, cx8, fxsr, mmx, sse, sse2, sse3, ssse3, sse4.1, sse4.2, popcnt, avx, avx2, aes, clmul, erms, rtm, 3dnowpref, lzcnt, ht, tsc, tscinvbit, bmi1, bmi2, adx, fma

Memory: 4k page, physical 8267004k(1769960k free), swap 10217724k(90832k free)

vm_info: Java HotSpot(TM) 64-Bit Server VM (10.0.2+13) for windows-amd64 JRE (10.0.2+13), built on Jun 28 2018 01:57:56 by "mach5one" with MS VC++ 12.0 (VS2013)

END.
